  main.cpp
C:\Users\e9407\Documents\_Course\112_1\Computer Graphics\homework\HW3\HW3\main.cpp(25,25): warning C4305: '引數': 從 'double' 轉換為 'GLfloat'，是由較大的類型轉換為較小的類型，可能導致資料遺失
C:\Users\e9407\Documents\_Course\112_1\Computer Graphics\homework\HW3\HW3\main.cpp(25,18): warning C4305: '引數': 從 'double' 轉換為 'GLfloat'，是由較大的類型轉換為較小的類型，可能導致資料遺失
C:\Users\e9407\Documents\_Course\112_1\Computer Graphics\homework\HW3\HW3\main.cpp(35,17): warning C4305: '引數': 從 'double' 轉換為 'GLfloat'，是由較大的類型轉換為較小的類型，可能導致資料遺失
C:\Users\e9407\Documents\_Course\112_1\Computer Graphics\homework\HW3\HW3\main.cpp(37,17): warning C4305: '引數': 從 'double' 轉換為 'GLfloat'，是由較大的類型轉換為較小的類型，可能導致資料遺失
C:\Users\e9407\Documents\_Course\112_1\Computer Graphics\homework\HW3\HW3\main.cpp(39,24): warning C4305: '引數': 從 'double' 轉換為 'GLfloat'，是由較大的類型轉換為較小的類型，可能導致資料遺失
C:\Users\e9407\Documents\_Course\112_1\Computer Graphics\homework\HW3\HW3\main.cpp(39,19): warning C4305: '引數': 從 'double' 轉換為 'GLfloat'，是由較大的類型轉換為較小的類型，可能導致資料遺失
C:\Users\e9407\Documents\_Course\112_1\Computer Graphics\homework\HW3\HW3\main.cpp(39,14): warning C4305: '引數': 從 'double' 轉換為 'GLfloat'，是由較大的類型轉換為較小的類型，可能導致資料遺失
C:\Users\e9407\Documents\_Course\112_1\Computer Graphics\homework\HW3\HW3\main.cpp(45,18): warning C4305: '引數': 從 'double' 轉換為 'GLfloat'，是由較大的類型轉換為較小的類型，可能導致資料遺失
C:\Users\e9407\Documents\_Course\112_1\Computer Graphics\homework\HW3\HW3\main.cpp(47,23): warning C4305: '引數': 從 'double' 轉換為 'GLfloat'，是由較大的類型轉換為較小的類型，可能導致資料遺失
C:\Users\e9407\Documents\_Course\112_1\Computer Graphics\homework\HW3\HW3\main.cpp(49,24): warning C4305: '引數': 從 'double' 轉換為 'GLfloat'，是由較大的類型轉換為較小的類型，可能導致資料遺失
C:\Users\e9407\Documents\_Course\112_1\Computer Graphics\homework\HW3\HW3\main.cpp(49,19): warning C4305: '引數': 從 'double' 轉換為 'GLfloat'，是由較大的類型轉換為較小的類型，可能導致資料遺失
C:\Users\e9407\Documents\_Course\112_1\Computer Graphics\homework\HW3\HW3\main.cpp(49,14): warning C4305: '引數': 從 'double' 轉換為 'GLfloat'，是由較大的類型轉換為較小的類型，可能導致資料遺失
C:\Users\e9407\Documents\_Course\112_1\Computer Graphics\homework\HW3\HW3\main.cpp(53,24): warning C4305: '引數': 從 'double' 轉換為 'GLfloat'，是由較大的類型轉換為較小的類型，可能導致資料遺失
C:\Users\e9407\Documents\_Course\112_1\Computer Graphics\homework\HW3\HW3\main.cpp(55,24): warning C4305: '引數': 從 'double' 轉換為 'GLfloat'，是由較大的類型轉換為較小的類型，可能導致資料遺失
C:\Users\e9407\Documents\_Course\112_1\Computer Graphics\homework\HW3\HW3\main.cpp(57,25): warning C4305: '引數': 從 'double' 轉換為 'GLfloat'，是由較大的類型轉換為較小的類型，可能導致資料遺失
C:\Users\e9407\Documents\_Course\112_1\Computer Graphics\homework\HW3\HW3\main.cpp(57,20): warning C4305: '引數': 從 'double' 轉換為 'GLfloat'，是由較大的類型轉換為較小的類型，可能導致資料遺失
C:\Users\e9407\Documents\_Course\112_1\Computer Graphics\homework\HW3\HW3\main.cpp(57,15): warning C4305: '引數': 從 'double' 轉換為 'GLfloat'，是由較大的類型轉換為較小的類型，可能導致資料遺失
C:\Users\e9407\Documents\_Course\112_1\Computer Graphics\homework\HW3\HW3\main.cpp(64,17): warning C4305: '引數': 從 'double' 轉換為 'GLfloat'，是由較大的類型轉換為較小的類型，可能導致資料遺失
C:\Users\e9407\Documents\_Course\112_1\Computer Graphics\homework\HW3\HW3\main.cpp(66,23): warning C4305: '引數': 從 'double' 轉換為 'GLfloat'，是由較大的類型轉換為較小的類型，可能導致資料遺失
C:\Users\e9407\Documents\_Course\112_1\Computer Graphics\homework\HW3\HW3\main.cpp(68,24): warning C4305: '引數': 從 'double' 轉換為 'GLfloat'，是由較大的類型轉換為較小的類型，可能導致資料遺失
C:\Users\e9407\Documents\_Course\112_1\Computer Graphics\homework\HW3\HW3\main.cpp(68,19): warning C4305: '引數': 從 'double' 轉換為 'GLfloat'，是由較大的類型轉換為較小的類型，可能導致資料遺失
C:\Users\e9407\Documents\_Course\112_1\Computer Graphics\homework\HW3\HW3\main.cpp(68,14): warning C4305: '引數': 從 'double' 轉換為 'GLfloat'，是由較大的類型轉換為較小的類型，可能導致資料遺失
C:\Users\e9407\Documents\_Course\112_1\Computer Graphics\homework\HW3\HW3\main.cpp(72,24): warning C4305: '引數': 從 'double' 轉換為 'GLfloat'，是由較大的類型轉換為較小的類型，可能導致資料遺失
C:\Users\e9407\Documents\_Course\112_1\Computer Graphics\homework\HW3\HW3\main.cpp(74,24): warning C4305: '引數': 從 'double' 轉換為 'GLfloat'，是由較大的類型轉換為較小的類型，可能導致資料遺失
C:\Users\e9407\Documents\_Course\112_1\Computer Graphics\homework\HW3\HW3\main.cpp(76,25): warning C4305: '引數': 從 'double' 轉換為 'GLfloat'，是由較大的類型轉換為較小的類型，可能導致資料遺失
C:\Users\e9407\Documents\_Course\112_1\Computer Graphics\homework\HW3\HW3\main.cpp(76,20): warning C4305: '引數': 從 'double' 轉換為 'GLfloat'，是由較大的類型轉換為較小的類型，可能導致資料遺失
C:\Users\e9407\Documents\_Course\112_1\Computer Graphics\homework\HW3\HW3\main.cpp(76,15): warning C4305: '引數': 從 'double' 轉換為 'GLfloat'，是由較大的類型轉換為較小的類型，可能導致資料遺失
C:\Users\e9407\Documents\_Course\112_1\Computer Graphics\homework\HW3\HW3\main.cpp(83,18): warning C4305: '引數': 從 'double' 轉換為 'GLfloat'，是由較大的類型轉換為較小的類型，可能導致資料遺失
C:\Users\e9407\Documents\_Course\112_1\Computer Graphics\homework\HW3\HW3\main.cpp(85,23): warning C4305: '引數': 從 'double' 轉換為 'GLfloat'，是由較大的類型轉換為較小的類型，可能導致資料遺失
C:\Users\e9407\Documents\_Course\112_1\Computer Graphics\homework\HW3\HW3\main.cpp(87,24): warning C4305: '引數': 從 'double' 轉換為 'GLfloat'，是由較大的類型轉換為較小的類型，可能導致資料遺失
C:\Users\e9407\Documents\_Course\112_1\Computer Graphics\homework\HW3\HW3\main.cpp(87,19): warning C4305: '引數': 從 'double' 轉換為 'GLfloat'，是由較大的類型轉換為較小的類型，可能導致資料遺失
C:\Users\e9407\Documents\_Course\112_1\Computer Graphics\homework\HW3\HW3\main.cpp(87,14): warning C4305: '引數': 從 'double' 轉換為 'GLfloat'，是由較大的類型轉換為較小的類型，可能導致資料遺失
C:\Users\e9407\Documents\_Course\112_1\Computer Graphics\homework\HW3\HW3\main.cpp(91,24): warning C4305: '引數': 從 'double' 轉換為 'GLfloat'，是由較大的類型轉換為較小的類型，可能導致資料遺失
C:\Users\e9407\Documents\_Course\112_1\Computer Graphics\homework\HW3\HW3\main.cpp(93,24): warning C4305: '引數': 從 'double' 轉換為 'GLfloat'，是由較大的類型轉換為較小的類型，可能導致資料遺失
C:\Users\e9407\Documents\_Course\112_1\Computer Graphics\homework\HW3\HW3\main.cpp(95,25): warning C4305: '引數': 從 'double' 轉換為 'GLfloat'，是由較大的類型轉換為較小的類型，可能導致資料遺失
C:\Users\e9407\Documents\_Course\112_1\Computer Graphics\homework\HW3\HW3\main.cpp(95,20): warning C4305: '引數': 從 'double' 轉換為 'GLfloat'，是由較大的類型轉換為較小的類型，可能導致資料遺失
C:\Users\e9407\Documents\_Course\112_1\Computer Graphics\homework\HW3\HW3\main.cpp(95,15): warning C4305: '引數': 從 'double' 轉換為 'GLfloat'，是由較大的類型轉換為較小的類型，可能導致資料遺失
C:\Users\e9407\Documents\_Course\112_1\Computer Graphics\homework\HW3\HW3\main.cpp(102,17): warning C4305: '引數': 從 'double' 轉換為 'GLfloat'，是由較大的類型轉換為較小的類型，可能導致資料遺失
C:\Users\e9407\Documents\_Course\112_1\Computer Graphics\homework\HW3\HW3\main.cpp(104,23): warning C4305: '引數': 從 'double' 轉換為 'GLfloat'，是由較大的類型轉換為較小的類型，可能導致資料遺失
C:\Users\e9407\Documents\_Course\112_1\Computer Graphics\homework\HW3\HW3\main.cpp(106,24): warning C4305: '引數': 從 'double' 轉換為 'GLfloat'，是由較大的類型轉換為較小的類型，可能導致資料遺失
C:\Users\e9407\Documents\_Course\112_1\Computer Graphics\homework\HW3\HW3\main.cpp(106,19): warning C4305: '引數': 從 'double' 轉換為 'GLfloat'，是由較大的類型轉換為較小的類型，可能導致資料遺失
C:\Users\e9407\Documents\_Course\112_1\Computer Graphics\homework\HW3\HW3\main.cpp(106,14): warning C4305: '引數': 從 'double' 轉換為 'GLfloat'，是由較大的類型轉換為較小的類型，可能導致資料遺失
C:\Users\e9407\Documents\_Course\112_1\Computer Graphics\homework\HW3\HW3\main.cpp(110,24): warning C4305: '引數': 從 'double' 轉換為 'GLfloat'，是由較大的類型轉換為較小的類型，可能導致資料遺失
C:\Users\e9407\Documents\_Course\112_1\Computer Graphics\homework\HW3\HW3\main.cpp(112,24): warning C4305: '引數': 從 'double' 轉換為 'GLfloat'，是由較大的類型轉換為較小的類型，可能導致資料遺失
C:\Users\e9407\Documents\_Course\112_1\Computer Graphics\homework\HW3\HW3\main.cpp(114,25): warning C4305: '引數': 從 'double' 轉換為 'GLfloat'，是由較大的類型轉換為較小的類型，可能導致資料遺失
C:\Users\e9407\Documents\_Course\112_1\Computer Graphics\homework\HW3\HW3\main.cpp(114,20): warning C4305: '引數': 從 'double' 轉換為 'GLfloat'，是由較大的類型轉換為較小的類型，可能導致資料遺失
C:\Users\e9407\Documents\_Course\112_1\Computer Graphics\homework\HW3\HW3\main.cpp(114,15): warning C4305: '引數': 從 'double' 轉換為 'GLfloat'，是由較大的類型轉換為較小的類型，可能導致資料遺失
C:\Users\e9407\Documents\_Course\112_1\Computer Graphics\homework\HW3\HW3\main.cpp(171,39): warning C4244: '引數': 將 'double' 轉換為 'GLfloat'，由於類型不同，可能導致資料遺失
C:\Users\e9407\Documents\_Course\112_1\Computer Graphics\homework\HW3\HW3\main.cpp(171,23): warning C4244: '引數': 將 'double' 轉換為 'GLfloat'，由於類型不同，可能導致資料遺失
C:\Users\e9407\Documents\_Course\112_1\Computer Graphics\homework\HW3\HW3\main.cpp(186,13): warning C4244: '引數': 將 'int' 轉換為 'GLfloat'，由於類型不同，可能導致資料遺失
C:\Users\e9407\Documents\_Course\112_1\Computer Graphics\homework\HW3\HW3\main.cpp(187,13): warning C4244: '引數': 將 'int' 轉換為 'GLfloat'，由於類型不同，可能導致資料遺失
  HW3.vcxproj -> C:\Users\e9407\Documents\_Course\112_1\Computer Graphics\homework\HW3\HW3\x64\Debug\HW3.exe
